<?xml version="1.0" encoding="UTF-8"?>
<testng-results skipped="0" failed="0" total="1" passed="1">
  <reporter-output>
  </reporter-output>
  <suite name="Default suite" duration-ms="14742" started-at="2021-09-28T15:15:47Z" finished-at="2021-09-28T15:16:01Z">
    <groups>
    </groups>
    <test name="Default test" duration-ms="14742" started-at="2021-09-28T15:15:47Z" finished-at="2021-09-28T15:16:01Z">
      <class name="SeleniumSingleton.LoginClass">
        <test-method status="PASS" signature="setUp()[pri:0, instance:SeleniumSingleton.LoginClass@3ffc5af1]" name="setUp" is-config="true" duration-ms="3696" started-at="2021-09-28T20:45:47Z" finished-at="2021-09-28T20:45:50Z">
          <reporter-output>
          </reporter-output>
        </test-method> <!-- setUp -->
        <test-method status="PASS" signature="launchApp()[pri:0, instance:SeleniumSingleton.LoginClass@3ffc5af1]" name="launchApp" duration-ms="6690" started-at="2021-09-28T20:45:50Z" finished-at="2021-09-28T20:45:57Z">
          <reporter-output>
          </reporter-output>
        </test-method> <!-- launchApp -->
        <test-method status="PASS" signature="tearDown()[pri:0, instance:SeleniumSingleton.LoginClass@3ffc5af1]" name="tearDown" is-config="true" duration-ms="4266" started-at="2021-09-28T20:45:57Z" finished-at="2021-09-28T20:46:01Z">
          <reporter-output>
          </reporter-output>
        </test-method> <!-- tearDown -->
      </class> <!-- SeleniumSingleton.LoginClass -->
    </test> <!-- Default test -->
  </suite> <!-- Default suite -->
</testng-results>
